2017-07-07 09:06:51 AM	MySQL server 192.168.0.10 successfully Connected
2017-07-07 09:06:51 AM	Mail service started
2017-07-07 09:07:23 AM	Sending IMELDA MBO-UNDER IPIL BRANCH | IPVPN-WIRELESS | Account No: 652117546 email notification to winterbugahod@yahoo.com
2017-07-07 09:07:23 AM	Sending DIPOLOG MBO MBO-UNDER KATIPUNAN BRANCH | DSL | Account No: 223274684 email notification to winterbugahod@yahoo.com
2017-07-07 09:07:23 AM	Signin to smtp.gmail.com server, port 587 with enable ssl True
2017-07-07 09:08:06 AM	Failure sending mail.
2017-07-07 09:08:21 AM	Sending IMELDA MBO-UNDER IPIL BRANCH | IPVPN-WIRELESS | Account No: 652117546 email notification to winterbugahod@yahoo.com
2017-07-07 09:08:21 AM	Sending DIPOLOG MBO MBO-UNDER KATIPUNAN BRANCH | DSL | Account No: 223274684 email notification to winterbugahod@yahoo.com
2017-07-07 09:08:21 AM	The process cannot access the file 'D:\My.Net\System Core\IPM Monitoring\source code\bin\Debug\Log\2017-07-07.log' because it is being used by another process.
2017-07-07 09:08:23 AM	Signin to smtp.gmail.com server, port 587 with enable ssl True
2017-07-07 09:09:05 AM	Failure sending mail.
2017-07-07 09:09:21 AM	Sending IMELDA MBO-UNDER IPIL BRANCH | IPVPN-WIRELESS | Account No: 652117546 email notification to winterbugahod@yahoo.com
2017-07-07 09:09:21 AM	Sending DIPOLOG MBO MBO-UNDER KATIPUNAN BRANCH | DSL | Account No: 223274684 email notification to winterbugahod@yahoo.com
2017-07-07 09:09:51 AM	Sending IMELDA MBO-UNDER IPIL BRANCH | IPVPN-WIRELESS | Account No: 652117546 email notification to winterbugahod@yahoo.com
2017-07-07 09:09:51 AM	Sending DIPOLOG MBO MBO-UNDER KATIPUNAN BRANCH | DSL | Account No: 223274684 email notification to winterbugahod@yahoo.com
2017-07-07 09:09:51 AM	Signin to smtp.gmail.com server, port 587 with enable ssl True
2017-07-07 09:10:33 AM	Failure sending mail.
2017-07-07 09:10:35 AM	Signin to smtp.gmail.com server, port 587 with enable ssl True
2017-07-07 09:11:17 AM	Failure sending mail.
2017-07-07 09:11:19 AM	Signin to smtp.gmail.com server, port 587 with enable ssl True
2017-07-07 09:12:01 AM	Failure sending mail.
2017-07-07 09:12:03 AM	Signin to smtp.gmail.com server, port 587 with enable ssl True
2017-07-07 09:12:45 AM	Failure sending mail.
2017-07-07 09:12:47 AM	Signin to smtp.gmail.com server, port 587 with enable ssl True
2017-07-07 09:13:29 AM	Failure sending mail.
2017-07-07 09:13:51 AM	Sending IMELDA MBO-UNDER IPIL BRANCH | IPVPN-WIRELESS | Account No: 652117546 email notification to winterbugahod@yahoo.com
2017-07-07 09:13:51 AM	Sending DIPOLOG MBO MBO-UNDER KATIPUNAN BRANCH | DSL | Account No: 223274684 email notification to winterbugahod@yahoo.com
2017-07-07 09:13:51 AM	Signin to smtp.gmail.com server, port 587 with enable ssl True
2017-07-07 09:14:33 AM	Failure sending mail.
2017-07-07 09:14:35 AM	Signin to smtp.gmail.com server, port 587 with enable ssl True
2017-07-07 09:15:17 AM	Failure sending mail.
2017-07-07 09:15:19 AM	Signin to smtp.gmail.com server, port 587 with enable ssl True
2017-07-07 09:16:01 AM	Failure sending mail.
2017-07-07 09:16:03 AM	Signin to smtp.gmail.com server, port 587 with enable ssl True
2017-07-07 09:16:45 AM	Failure sending mail.
2017-07-07 09:16:47 AM	Signin to smtp.gmail.com server, port 587 with enable ssl True
2017-07-07 09:17:29 AM	Failure sending mail.
2017-07-07 09:17:31 AM	Signin to smtp.gmail.com server, port 587 with enable ssl True
2017-07-07 09:18:13 AM	Failure sending mail.
2017-07-07 09:18:15 AM	Signin to smtp.gmail.com server, port 587 with enable ssl True
2017-07-07 09:18:57 AM	Failure sending mail.
2017-07-07 09:19:21 AM	Sending IMELDA MBO-UNDER IPIL BRANCH | IPVPN-WIRELESS | Account No: 652117546 email notification to winterbugahod@yahoo.com
2017-07-07 09:19:21 AM	Sending DIPOLOG MBO MBO-UNDER KATIPUNAN BRANCH | DSL | Account No: 223274684 email notification to winterbugahod@yahoo.com
2017-07-07 09:19:21 AM	Signin to smtp.gmail.com server, port 587 with enable ssl True
2017-07-07 09:20:03 AM	Failure sending mail.
2017-07-07 09:20:05 AM	Signin to smtp.gmail.com server, port 587 with enable ssl True
2017-07-07 09:20:47 AM	Failure sending mail.
2017-07-07 09:20:49 AM	Signin to smtp.gmail.com server, port 587 with enable ssl True
2017-07-07 09:21:31 AM	Failure sending mail.
2017-07-07 09:21:33 AM	Signin to smtp.gmail.com server, port 587 with enable ssl True
2017-07-07 09:22:15 AM	Failure sending mail.
2017-07-07 09:22:17 AM	Signin to smtp.gmail.com server, port 587 with enable ssl True
2017-07-07 09:22:59 AM	Failure sending mail.
2017-07-07 09:23:01 AM	Signin to smtp.gmail.com server, port 587 with enable ssl True
2017-07-07 09:23:43 AM	Failure sending mail.
2017-07-07 09:23:45 AM	Signin to smtp.gmail.com server, port 587 with enable ssl True
2017-07-07 09:24:27 AM	Failure sending mail.
2017-07-07 09:24:30 AM	Signin to smtp.gmail.com server, port 587 with enable ssl True
2017-07-07 09:25:12 AM	Failure sending mail.
2017-07-07 09:25:14 AM	Signin to smtp.gmail.com server, port 587 with enable ssl True
2017-07-07 09:25:56 AM	Failure sending mail.
2017-07-07 09:26:21 AM	Sending IMELDA MBO-UNDER IPIL BRANCH | IPVPN-WIRELESS | Account No: 652117546 email notification to winterbugahod@yahoo.com
2017-07-07 09:26:21 AM	Sending DIPOLOG MBO MBO-UNDER KATIPUNAN BRANCH | DSL | Account No: 223274684 email notification to winterbugahod@yahoo.com
2017-07-07 09:26:21 AM	Signin to smtp.gmail.com server, port 587 with enable ssl True
2017-07-07 09:27:03 AM	Failure sending mail.
2017-07-07 09:27:05 AM	Signin to smtp.gmail.com server, port 587 with enable ssl True
2017-07-07 09:27:47 AM	Failure sending mail.
2017-07-07 09:27:49 AM	Signin to smtp.gmail.com server, port 587 with enable ssl True
2017-07-07 09:28:31 AM	Failure sending mail.
2017-07-07 09:28:33 AM	Signin to smtp.gmail.com server, port 587 with enable ssl True
2017-07-07 09:29:15 AM	Failure sending mail.
2017-07-07 09:29:17 AM	Signin to smtp.gmail.com server, port 587 with enable ssl True
2017-07-07 09:29:59 AM	Failure sending mail.
2017-07-07 09:30:01 AM	Signin to smtp.gmail.com server, port 587 with enable ssl True
2017-07-07 09:30:44 AM	Failure sending mail.
2017-07-07 09:30:46 AM	Signin to smtp.gmail.com server, port 587 with enable ssl True
2017-07-07 09:31:28 AM	Failure sending mail.
2017-07-07 09:31:30 AM	Signin to smtp.gmail.com server, port 587 with enable ssl True
2017-07-07 09:32:12 AM	Failure sending mail.
2017-07-07 09:32:14 AM	Signin to smtp.gmail.com server, port 587 with enable ssl True
2017-07-07 09:32:56 AM	Failure sending mail.
2017-07-07 09:32:58 AM	Signin to smtp.gmail.com server, port 587 with enable ssl True
2017-07-07 09:33:40 AM	Failure sending mail.
2017-07-07 09:33:42 AM	Signin to smtp.gmail.com server, port 587 with enable ssl True
2017-07-07 09:34:24 AM	Failure sending mail.
2017-07-07 09:34:51 AM	Sending IMELDA MBO-UNDER IPIL BRANCH | IPVPN-WIRELESS | Account No: 652117546 email notification to winterbugahod@yahoo.com
2017-07-07 09:34:51 AM	Sending DIPOLOG MBO MBO-UNDER KATIPUNAN BRANCH | DSL | Account No: 223274684 email notification to winterbugahod@yahoo.com
2017-07-07 09:34:51 AM	Signin to smtp.gmail.com server, port 587 with enable ssl True
2017-07-07 09:35:33 AM	Failure sending mail.
2017-07-07 09:35:35 AM	Signin to smtp.gmail.com server, port 587 with enable ssl True
2017-07-07 09:36:17 AM	Failure sending mail.
2017-07-07 09:36:19 AM	Signin to smtp.gmail.com server, port 587 with enable ssl True
2017-07-07 09:37:01 AM	Failure sending mail.
2017-07-07 09:37:03 AM	Signin to smtp.gmail.com server, port 587 with enable ssl True
2017-07-07 09:37:45 AM	Failure sending mail.
2017-07-07 09:37:47 AM	Signin to smtp.gmail.com server, port 587 with enable ssl True
2017-07-07 09:38:30 AM	Failure sending mail.
2017-07-07 09:38:32 AM	Signin to smtp.gmail.com server, port 587 with enable ssl True
2017-07-07 09:39:14 AM	Failure sending mail.
2017-07-07 09:39:16 AM	Signin to smtp.gmail.com server, port 587 with enable ssl True
2017-07-07 09:39:58 AM	Failure sending mail.
2017-07-07 09:40:00 AM	Signin to smtp.gmail.com server, port 587 with enable ssl True
2017-07-07 09:40:42 AM	Failure sending mail.
2017-07-07 09:40:44 AM	Signin to smtp.gmail.com server, port 587 with enable ssl True
2017-07-07 09:41:26 AM	Failure sending mail.
2017-07-07 09:41:28 AM	Signin to smtp.gmail.com server, port 587 with enable ssl True
2017-07-07 09:42:10 AM	Failure sending mail.
2017-07-07 09:42:12 AM	Signin to smtp.gmail.com server, port 587 with enable ssl True
2017-07-07 09:42:54 AM	Failure sending mail.
2017-07-07 09:42:56 AM	Signin to smtp.gmail.com server, port 587 with enable ssl True
2017-07-07 09:43:38 AM	Failure sending mail.
2017-07-07 09:43:40 AM	Signin to smtp.gmail.com server, port 587 with enable ssl True
2017-07-07 09:44:22 AM	Failure sending mail.
2017-07-07 09:44:51 AM	Sending IMELDA MBO-UNDER IPIL BRANCH | IPVPN-WIRELESS | Account No: 652117546 email notification to winterbugahod@yahoo.com
2017-07-07 09:44:51 AM	Sending DIPOLOG MBO MBO-UNDER KATIPUNAN BRANCH | DSL | Account No: 223274684 email notification to winterbugahod@yahoo.com
2017-07-07 09:44:51 AM	Signin to smtp.gmail.com server, port 587 with enable ssl True
2017-07-07 09:45:33 AM	Failure sending mail.
2017-07-07 09:45:35 AM	Signin to smtp.gmail.com server, port 587 with enable ssl True
2017-07-07 09:46:17 AM	Failure sending mail.
2017-07-07 09:46:19 AM	Signin to smtp.gmail.com server, port 587 with enable ssl True
2017-07-07 09:47:02 AM	Failure sending mail.
2017-07-07 09:47:04 AM	Signin to smtp.gmail.com server, port 587 with enable ssl True
2017-07-07 09:47:46 AM	Failure sending mail.
2017-07-07 09:47:48 AM	Signin to smtp.gmail.com server, port 587 with enable ssl True
2017-07-07 09:48:30 AM	Failure sending mail.
2017-07-07 09:48:32 AM	Signin to smtp.gmail.com server, port 587 with enable ssl True
2017-07-07 09:49:14 AM	Failure sending mail.
2017-07-07 09:49:16 AM	Signin to smtp.gmail.com server, port 587 with enable ssl True
2017-07-07 09:49:58 AM	Failure sending mail.
2017-07-07 09:50:00 AM	Signin to smtp.gmail.com server, port 587 with enable ssl True
2017-07-07 09:50:42 AM	Failure sending mail.
2017-07-07 09:50:44 AM	Signin to smtp.gmail.com server, port 587 with enable ssl True
2017-07-07 09:51:26 AM	Failure sending mail.
2017-07-07 09:51:28 AM	Signin to smtp.gmail.com server, port 587 with enable ssl True
2017-07-07 09:52:10 AM	Failure sending mail.
2017-07-07 09:52:12 AM	Signin to smtp.gmail.com server, port 587 with enable ssl True
2017-07-07 09:52:54 AM	Failure sending mail.
2017-07-07 09:52:56 AM	Signin to smtp.gmail.com server, port 587 with enable ssl True
2017-07-07 09:53:38 AM	Failure sending mail.
2017-07-07 09:53:40 AM	Signin to smtp.gmail.com server, port 587 with enable ssl True
2017-07-07 09:54:22 AM	Failure sending mail.
2017-07-07 09:54:24 AM	Signin to smtp.gmail.com server, port 587 with enable ssl True
2017-07-07 09:55:06 AM	Failure sending mail.
2017-07-07 09:55:09 AM	Signin to smtp.gmail.com server, port 587 with enable ssl True
2017-07-07 09:55:51 AM	Failure sending mail.
2017-07-07 09:56:21 AM	Sending IMELDA MBO-UNDER IPIL BRANCH | IPVPN-WIRELESS | Account No: 652117546 email notification to winterbugahod@yahoo.com
2017-07-07 09:56:21 AM	Sending DIPOLOG MBO MBO-UNDER KATIPUNAN BRANCH | DSL | Account No: 223274684 email notification to winterbugahod@yahoo.com
2017-07-07 09:56:21 AM	Signin to smtp.gmail.com server, port 587 with enable ssl True
2017-07-07 09:57:04 AM	Failure sending mail.
2017-07-07 09:57:06 AM	Signin to smtp.gmail.com server, port 587 with enable ssl True
2017-07-07 09:57:48 AM	Failure sending mail.
2017-07-07 09:57:50 AM	Signin to smtp.gmail.com server, port 587 with enable ssl True
2017-07-07 09:58:32 AM	Failure sending mail.
2017-07-07 09:58:34 AM	Signin to smtp.gmail.com server, port 587 with enable ssl True
2017-07-07 09:59:16 AM	Failure sending mail.
2017-07-07 09:59:18 AM	Signin to smtp.gmail.com server, port 587 with enable ssl True
2017-07-07 10:00:00 AM	Failure sending mail.
2017-07-07 10:00:02 AM	Signin to smtp.gmail.com server, port 587 with enable ssl True
2017-07-07 10:00:44 AM	Failure sending mail.
2017-07-07 10:00:46 AM	Signin to smtp.gmail.com server, port 587 with enable ssl True
2017-07-07 10:01:28 AM	Failure sending mail.
2017-07-07 10:01:30 AM	Signin to smtp.gmail.com server, port 587 with enable ssl True
2017-07-07 10:02:12 AM	Failure sending mail.
2017-07-07 10:02:14 AM	Signin to smtp.gmail.com server, port 587 with enable ssl True
2017-07-07 10:02:56 AM	Failure sending mail.
2017-07-07 10:02:58 AM	Signin to smtp.gmail.com server, port 587 with enable ssl True
2017-07-07 10:03:41 AM	Failure sending mail.
2017-07-07 10:03:43 AM	Signin to smtp.gmail.com server, port 587 with enable ssl True
2017-07-07 10:04:25 AM	Failure sending mail.
2017-07-07 10:04:27 AM	Signin to smtp.gmail.com server, port 587 with enable ssl True
2017-07-07 10:05:09 AM	Failure sending mail.
2017-07-07 10:05:11 AM	Signin to smtp.gmail.com server, port 587 with enable ssl True
2017-07-07 10:05:53 AM	Failure sending mail.
2017-07-07 10:05:55 AM	Signin to smtp.gmail.com server, port 587 with enable ssl True
2017-07-07 10:06:37 AM	Failure sending mail.
2017-07-07 10:06:39 AM	Signin to smtp.gmail.com server, port 587 with enable ssl True
2017-07-07 10:07:21 AM	Failure sending mail.
2017-07-07 10:07:23 AM	Signin to smtp.gmail.com server, port 587 with enable ssl True
2017-07-07 10:08:05 AM	Failure sending mail.
2017-07-07 10:08:07 AM	Signin to smtp.gmail.com server, port 587 with enable ssl True
2017-07-07 10:08:49 AM	Failure sending mail.
2017-07-07 10:08:52 AM	Sending IMELDA MBO-UNDER IPIL BRANCH | IPVPN-WIRELESS | Account No: 652117546 email notification to winterbugahod@yahoo.com
2017-07-07 10:08:52 AM	Sending DIPOLOG MBO MBO-UNDER KATIPUNAN BRANCH | DSL | Account No: 223274684 email notification to winterbugahod@yahoo.com
2017-07-07 10:08:52 AM	Signin to smtp.gmail.com server, port 587 with enable ssl True
2017-07-07 10:09:34 AM	Failure sending mail.
2017-07-07 10:09:36 AM	Signin to smtp.gmail.com server, port 587 with enable ssl True
2017-07-07 10:10:18 AM	Failure sending mail.
2017-07-07 10:10:20 AM	Signin to smtp.gmail.com server, port 587 with enable ssl True
2017-07-07 10:11:02 AM	Failure sending mail.
2017-07-07 10:11:04 AM	Signin to smtp.gmail.com server, port 587 with enable ssl True
2017-07-07 10:11:46 AM	Failure sending mail.
2017-07-07 10:11:48 AM	Signin to smtp.gmail.com server, port 587 with enable ssl True
2017-07-07 10:12:30 AM	Failure sending mail.
2017-07-07 10:12:32 AM	Signin to smtp.gmail.com server, port 587 with enable ssl True
2017-07-07 10:13:14 AM	Failure sending mail.
2017-07-07 10:13:16 AM	Signin to smtp.gmail.com server, port 587 with enable ssl True
2017-07-07 10:13:58 AM	Failure sending mail.
2017-07-07 10:14:00 AM	Signin to smtp.gmail.com server, port 587 with enable ssl True
2017-07-07 10:14:42 AM	Failure sending mail.
2017-07-07 10:14:44 AM	Signin to smtp.gmail.com server, port 587 with enable ssl True
2017-07-07 10:15:26 AM	Failure sending mail.
2017-07-07 10:15:28 AM	Signin to smtp.gmail.com server, port 587 with enable ssl True
2017-07-07 10:16:11 AM	Failure sending mail.
2017-07-07 10:16:13 AM	Signin to smtp.gmail.com server, port 587 with enable ssl True
2017-07-07 10:16:55 AM	Failure sending mail.
2017-07-07 10:16:57 AM	Signin to smtp.gmail.com server, port 587 with enable ssl True
2017-07-07 10:17:39 AM	Failure sending mail.
2017-07-07 10:17:41 AM	Signin to smtp.gmail.com server, port 587 with enable ssl True
2017-07-07 10:18:23 AM	Failure sending mail.
2017-07-07 10:18:25 AM	Signin to smtp.gmail.com server, port 587 with enable ssl True
2017-07-07 10:19:07 AM	Failure sending mail.
2017-07-07 10:19:09 AM	Signin to smtp.gmail.com server, port 587 with enable ssl True
2017-07-07 10:19:51 AM	Failure sending mail.
2017-07-07 10:19:53 AM	Signin to smtp.gmail.com server, port 587 with enable ssl True
2017-07-07 10:20:35 AM	Failure sending mail.
2017-07-07 10:20:37 AM	Signin to smtp.gmail.com server, port 587 with enable ssl True
2017-07-07 10:21:19 AM	Failure sending mail.
2017-07-07 10:21:21 AM	Signin to smtp.gmail.com server, port 587 with enable ssl True
2017-07-07 10:22:03 AM	Failure sending mail.
2017-07-07 10:22:05 AM	Signin to smtp.gmail.com server, port 587 with enable ssl True
2017-07-07 10:22:47 AM	Failure sending mail.
2017-07-07 10:22:52 AM	Sending IMELDA MBO-UNDER IPIL BRANCH | IPVPN-WIRELESS | Account No: 652117546 email notification to winterbugahod@yahoo.com
2017-07-07 10:22:52 AM	Sending DIPOLOG MBO MBO-UNDER KATIPUNAN BRANCH | DSL | Account No: 223274684 email notification to winterbugahod@yahoo.com
2017-07-07 10:22:52 AM	Signin to smtp.gmail.com server, port 587 with enable ssl True
2017-07-07 10:23:34 AM	Failure sending mail.
2017-07-07 10:23:36 AM	Signin to smtp.gmail.com server, port 587 with enable ssl True
2017-07-07 10:24:18 AM	Failure sending mail.
2017-07-07 10:24:20 AM	Signin to smtp.gmail.com server, port 587 with enable ssl True
2017-07-07 10:25:02 AM	Failure sending mail.
2017-07-07 10:25:04 AM	Signin to smtp.gmail.com server, port 587 with enable ssl True
2017-07-07 10:25:46 AM	Failure sending mail.
2017-07-07 10:25:48 AM	Signin to smtp.gmail.com server, port 587 with enable ssl True
2017-07-07 10:26:30 AM	Failure sending mail.
2017-07-07 10:26:32 AM	Signin to smtp.gmail.com server, port 587 with enable ssl True
2017-07-07 10:27:14 AM	Failure sending mail.
2017-07-07 10:27:16 AM	Signin to smtp.gmail.com server, port 587 with enable ssl True
2017-07-07 10:27:58 AM	Failure sending mail.
2017-07-07 10:28:00 AM	Signin to smtp.gmail.com server, port 587 with enable ssl True
2017-07-07 10:28:43 AM	Failure sending mail.
2017-07-07 10:28:45 AM	Signin to smtp.gmail.com server, port 587 with enable ssl True
2017-07-07 10:29:27 AM	Failure sending mail.
2017-07-07 10:29:29 AM	Signin to smtp.gmail.com server, port 587 with enable ssl True
2017-07-07 10:30:11 AM	Failure sending mail.
2017-07-07 10:30:13 AM	Signin to smtp.gmail.com server, port 587 with enable ssl True
2017-07-07 10:30:55 AM	Failure sending mail.
2017-07-07 10:30:57 AM	Signin to smtp.gmail.com server, port 587 with enable ssl True
2017-07-07 10:31:39 AM	Failure sending mail.
2017-07-07 10:31:41 AM	Signin to smtp.gmail.com server, port 587 with enable ssl True
2017-07-07 10:32:23 AM	Failure sending mail.
2017-07-07 10:32:25 AM	Signin to smtp.gmail.com server, port 587 with enable ssl True
2017-07-07 10:33:07 AM	Failure sending mail.
2017-07-07 10:33:09 AM	Signin to smtp.gmail.com server, port 587 with enable ssl True
2017-07-07 10:33:51 AM	Failure sending mail.
2017-07-07 10:33:53 AM	Signin to smtp.gmail.com server, port 587 with enable ssl True
2017-07-07 10:34:35 AM	Failure sending mail.
2017-07-07 10:34:37 AM	Signin to smtp.gmail.com server, port 587 with enable ssl True
2017-07-07 10:35:19 AM	Failure sending mail.
2017-07-07 10:35:21 AM	Signin to smtp.gmail.com server, port 587 with enable ssl True
2017-07-07 10:36:03 AM	Failure sending mail.
2017-07-07 10:36:05 AM	Signin to smtp.gmail.com server, port 587 with enable ssl True
2017-07-07 10:36:48 AM	Failure sending mail.
2017-07-07 10:36:50 AM	Signin to smtp.gmail.com server, port 587 with enable ssl True
2017-07-07 10:37:32 AM	Failure sending mail.
2017-07-07 10:37:34 AM	Signin to smtp.gmail.com server, port 587 with enable ssl True
2017-07-07 10:38:16 AM	Failure sending mail.
2017-07-07 10:38:22 AM	Sending IMELDA MBO-UNDER IPIL BRANCH | IPVPN-WIRELESS | Account No: 652117546 email notification to winterbugahod@yahoo.com
2017-07-07 10:38:22 AM	Sending DIPOLOG MBO MBO-UNDER KATIPUNAN BRANCH | DSL | Account No: 223274684 email notification to winterbugahod@yahoo.com
2017-07-07 10:38:22 AM	Signin to smtp.gmail.com server, port 587 with enable ssl True
2017-07-07 10:39:04 AM	Failure sending mail.
2017-07-07 10:39:06 AM	Signin to smtp.gmail.com server, port 587 with enable ssl True
2017-07-07 10:39:48 AM	Failure sending mail.
2017-07-07 10:39:50 AM	Signin to smtp.gmail.com server, port 587 with enable ssl True
2017-07-07 10:40:32 AM	Failure sending mail.
2017-07-07 10:40:34 AM	Signin to smtp.gmail.com server, port 587 with enable ssl True
2017-07-07 10:41:16 AM	Failure sending mail.
2017-07-07 10:41:18 AM	Signin to smtp.gmail.com server, port 587 with enable ssl True
2017-07-07 10:42:00 AM	Failure sending mail.
2017-07-07 10:42:02 AM	Signin to smtp.gmail.com server, port 587 with enable ssl True
2017-07-07 10:42:44 AM	Failure sending mail.
2017-07-07 10:42:46 AM	Signin to smtp.gmail.com server, port 587 with enable ssl True
2017-07-07 10:43:29 AM	Failure sending mail.
2017-07-07 10:43:31 AM	Signin to smtp.gmail.com server, port 587 with enable ssl True
2017-07-07 10:44:13 AM	Failure sending mail.
2017-07-07 10:44:15 AM	Signin to smtp.gmail.com server, port 587 with enable ssl True
2017-07-07 10:44:57 AM	Failure sending mail.
2017-07-07 10:44:59 AM	Signin to smtp.gmail.com server, port 587 with enable ssl True
2017-07-07 10:45:41 AM	Failure sending mail.
2017-07-07 10:45:43 AM	Signin to smtp.gmail.com server, port 587 with enable ssl True
2017-07-07 10:46:25 AM	Failure sending mail.
2017-07-07 10:46:27 AM	Signin to smtp.gmail.com server, port 587 with enable ssl True
2017-07-07 10:47:09 AM	Failure sending mail.
2017-07-07 10:47:11 AM	Signin to smtp.gmail.com server, port 587 with enable ssl True
2017-07-07 10:47:53 AM	Failure sending mail.
2017-07-07 10:47:55 AM	Signin to smtp.gmail.com server, port 587 with enable ssl True
2017-07-07 10:48:24 AM	DIPOLOG MBO MBO-UNDER KATIPUNAN BRANCH | DSL | Account No: 223274684 was successfully sent
2017-07-07 10:50:22 AM	Sending TAGOLOAN BRANCH | IPVPN-WIRELESS | Account No: 652106994 email notification to winterbugahod@yahoo.com
2017-07-07 10:50:22 AM	Signin to smtp.gmail.com server, port 587 with enable ssl True
2017-07-07 10:50:28 AM	TAGOLOAN BRANCH | IPVPN-WIRELESS | Account No: 652106994 was successfully sent
2017-07-07 11:17:25 AM	Mail service Stop
